This is pdfTeX, Version 3.141592653-2.6-1.40.25 (TeX Live 2023/Arch Linux) (preloaded format=pdflatex 2023.6.12)  18 JUN 2023 00:56
entering extended mode
 restricted \write18 enabled.
 %&-line parsing enabled.
**"Assignment 2 ().tex"
(./Assignment 2 ().tex
LaTeX2e <2022-11-01> patch level 1
L3 programming layer <2023-02-22>
(/usr/share/texmf-dist/tex/latex/base/article.cls
Document Class: article 2022/07/02 v1.4n Standard LaTeX document class
(/usr/share/texmf-dist/tex/latex/base/size10.clo
File: size10.clo 2022/07/02 v1.4n Standard LaTeX file (size option)
)
\c@part=\count185
\c@section=\count186
\c@subsection=\count187
\c@subsubsection=\count188
\c@paragraph=\count189
\c@subparagraph=\count190
\c@figure=\count191
\c@table=\count192
\abovecaptionskip=\skip48
\belowcaptionskip=\skip49
\bibindent=\dimen140
)
(/usr/share/texmf-dist/tex/latex/geometry/geometry.sty
Package: geometry 2020/01/02 v5.9 Page Geometry

(/usr/share/texmf-dist/tex/latex/graphics/keyval.sty
Package: keyval 2022/05/29 v1.15 key=value parser (DPC)
\KV@toks@=\toks16
)
(/usr/share/texmf-dist/tex/generic/iftex/ifvtex.sty
Package: ifvtex 2019/10/25 v1.7 ifvtex legacy package. Use iftex instead.

(/usr/share/texmf-dist/tex/generic/iftex/iftex.sty
Package: iftex 2022/02/03 v1.0f TeX engine tests
))
\Gm@cnth=\count193
\Gm@cntv=\count194
\c@Gm@tempcnt=\count195
\Gm@bindingoffset=\dimen141
\Gm@wd@mp=\dimen142
\Gm@odd@mp=\dimen143
\Gm@even@mp=\dimen144
\Gm@layoutwidth=\dimen145
\Gm@layoutheight=\dimen146
\Gm@layouthoffset=\dimen147
\Gm@layoutvoffset=\dimen148
\Gm@dimlist=\toks17
)
(/usr/share/texmf-dist/tex/latex/setspace/setspace.sty
Package: setspace 2022/12/04 v6.7b set line spacing
)
(/usr/share/texmf-dist/tex/latex/listings/listings.sty
\lst@mode=\count196
\lst@gtempboxa=\box51
\lst@token=\toks18
\lst@length=\count197
\lst@currlwidth=\dimen149
\lst@column=\count198
\lst@pos=\count199
\lst@lostspace=\dimen150
\lst@width=\dimen151
\lst@newlines=\count266
\lst@lineno=\count267
\lst@maxwidth=\dimen152

(/usr/share/texmf-dist/tex/latex/listings/lstmisc.sty
File: lstmisc.sty 2023/02/27 1.9 (Carsten Heinz)
\c@lstnumber=\count268
\lst@skipnumbers=\count269
\lst@framebox=\box52
)
(/usr/share/texmf-dist/tex/latex/listings/listings.cfg
File: listings.cfg 2023/02/27 1.9 listings configuration
))
Package: listings 2023/02/27 1.9 (Carsten Heinz)

(/usr/share/texmf-dist/tex/latex/xcolor/xcolor.sty
Package: xcolor 2022/06/12 v2.14 LaTeX color extensions (UK)

(/usr/share/texmf-dist/tex/latex/graphics-cfg/color.cfg
File: color.cfg 2016/01/02 v1.6 sample color configuration
)
Package xcolor Info: Driver file: pdftex.def on input line 227.

(/usr/share/texmf-dist/tex/latex/graphics-def/pdftex.def
File: pdftex.def 2022/09/22 v1.2b Graphics/color driver for pdftex
)
(/usr/share/texmf-dist/tex/latex/graphics/mathcolor.ltx)
Package xcolor Info: Model `cmy' substituted by `cmy0' on input line 1353.
Package xcolor Info: Model `hsb' substituted by `rgb' on input line 1357.
Package xcolor Info: Model `RGB' extended on input line 1369.
Package xcolor Info: Model `HTML' substituted by `rgb' on input line 1371.
Package xcolor Info: Model `Hsb' substituted by `hsb' on input line 1372.
Package xcolor Info: Model `tHsb' substituted by `hsb' on input line 1373.
Package xcolor Info: Model `HSB' substituted by `hsb' on input line 1374.
Package xcolor Info: Model `Gray' substituted by `gray' on input line 1375.
Package xcolor Info: Model `wave' substituted by `hsb' on input line 1376.
)
(/usr/share/texmf-dist/tex/latex/tools/multicol.sty
Package: multicol 2021/11/30 v1.9d multicolumn formatting (FMi)
\c@tracingmulticols=\count270
\mult@box=\box53
\multicol@leftmargin=\dimen153
\c@unbalance=\count271
\c@collectmore=\count272
\doublecol@number=\count273
\multicoltolerance=\count274
\multicolpretolerance=\count275
\full@width=\dimen154
\page@free=\dimen155
\premulticols=\dimen156
\postmulticols=\dimen157
\multicolsep=\skip50
\multicolbaselineskip=\skip51
\partial@page=\box54
\last@line=\box55
\maxbalancingoverflow=\dimen158
\mult@rightbox=\box56
\mult@grightbox=\box57
\mult@firstbox=\box58
\mult@gfirstbox=\box59
\@tempa=\box60
\@tempa=\box61
\@tempa=\box62
\@tempa=\box63
\@tempa=\box64
\@tempa=\box65
\@tempa=\box66
\@tempa=\box67
\@tempa=\box68
\@tempa=\box69
\@tempa=\box70
\@tempa=\box71
\@tempa=\box72
\@tempa=\box73
\@tempa=\box74
\@tempa=\box75
\@tempa=\box76
\@tempa=\box77
\@tempa=\box78
\@tempa=\box79
\@tempa=\box80
\@tempa=\box81
\@tempa=\box82
\@tempa=\box83
\@tempa=\box84
\@tempa=\box85
\@tempa=\box86
\@tempa=\box87
\@tempa=\box88
\@tempa=\box89
\@tempa=\box90
\@tempa=\box91
\@tempa=\box92
\@tempa=\box93
\@tempa=\box94
\@tempa=\box95
\c@minrows=\count276
\c@columnbadness=\count277
\c@finalcolumnbadness=\count278
\last@try=\dimen159
\multicolovershoot=\dimen160
\multicolundershoot=\dimen161
\mult@nat@firstbox=\box96
\colbreak@box=\box97
\mc@col@check@num=\count279
)
(/usr/share/texmf-dist/tex/latex/amsmath/amsmath.sty
Package: amsmath 2022/04/08 v2.17n AMS math features
\@mathmargin=\skip52

For additional information on amsmath, use the `?' option.
(/usr/share/texmf-dist/tex/latex/amsmath/amstext.sty
Package: amstext 2021/08/26 v2.01 AMS text

(/usr/share/texmf-dist/tex/latex/amsmath/amsgen.sty
File: amsgen.sty 1999/11/30 v2.0 generic functions
\@emptytoks=\toks19
\ex@=\dimen162
))
(/usr/share/texmf-dist/tex/latex/amsmath/amsbsy.sty
Package: amsbsy 1999/11/29 v1.2d Bold Symbols
\pmbraise@=\dimen163
)
(/usr/share/texmf-dist/tex/latex/amsmath/amsopn.sty
Package: amsopn 2022/04/08 v2.04 operator names
)
\inf@bad=\count280
LaTeX Info: Redefining \frac on input line 234.
\uproot@=\count281
\leftroot@=\count282
LaTeX Info: Redefining \overline on input line 399.
LaTeX Info: Redefining \colon on input line 410.
\classnum@=\count283
\DOTSCASE@=\count284
LaTeX Info: Redefining \ldots on input line 496.
LaTeX Info: Redefining \dots on input line 499.
LaTeX Info: Redefining \cdots on input line 620.
\Mathstrutbox@=\box98
\strutbox@=\box99
LaTeX Info: Redefining \big on input line 722.
LaTeX Info: Redefining \Big on input line 723.
LaTeX Info: Redefining \bigg on input line 724.
LaTeX Info: Redefining \Bigg on input line 725.
\big@size=\dimen164
LaTeX Font Info:    Redeclaring font encoding OML on input line 743.
LaTeX Font Info:    Redeclaring font encoding OMS on input line 744.
\macc@depth=\count285
LaTeX Info: Redefining \bmod on input line 905.
LaTeX Info: Redefining \pmod on input line 910.
LaTeX Info: Redefining \smash on input line 940.
LaTeX Info: Redefining \relbar on input line 970.
LaTeX Info: Redefining \Relbar on input line 971.
\c@MaxMatrixCols=\count286
\dotsspace@=\muskip16
\c@parentequation=\count287
\dspbrk@lvl=\count288
\tag@help=\toks20
\row@=\count289
\column@=\count290
\maxfields@=\count291
\andhelp@=\toks21
\eqnshift@=\dimen165
\alignsep@=\dimen166
\tagshift@=\dimen167
\tagwidth@=\dimen168
\totwidth@=\dimen169
\lineht@=\dimen170
\@envbody=\toks22
\multlinegap=\skip53
\multlinetaggap=\skip54
\mathdisplay@stack=\toks23
LaTeX Info: Redefining \[ on input line 2953.
LaTeX Info: Redefining \] on input line 2954.
)
(/usr/share/texmf-dist/tex/latex/caption/subcaption.sty
Package: subcaption 2023/02/19 v1.6 Sub-captions (AR)

(/usr/share/texmf-dist/tex/latex/caption/caption.sty
Package: caption 2023/03/12 v3.6j Customizing captions (AR)

(/usr/share/texmf-dist/tex/latex/caption/caption3.sty
Package: caption3 2023/03/12 v2.4 caption3 kernel (AR)
\caption@tempdima=\dimen171
\captionmargin=\dimen172
\caption@leftmargin=\dimen173
\caption@rightmargin=\dimen174
\caption@width=\dimen175
\caption@indent=\dimen176
\caption@parindent=\dimen177
\caption@hangindent=\dimen178
Package caption Info: Standard document class detected.
)
\c@caption@flags=\count292
\c@continuedfloat=\count293
Package caption Info: listings package is loaded.
)
Package caption Info: New subtype `subfigure' on input line 239.
\c@subfigure=\count294
Package caption Info: New subtype `subtable' on input line 239.
\c@subtable=\count295
)
(/usr/share/texmf-dist/tex/latex/graphics/graphicx.sty
Package: graphicx 2021/09/16 v1.2d Enhanced LaTeX Graphics (DPC,SPQR)

(/usr/share/texmf-dist/tex/latex/graphics/graphics.sty
Package: graphics 2022/03/10 v1.4e Standard LaTeX Graphics (DPC,SPQR)

(/usr/share/texmf-dist/tex/latex/graphics/trig.sty
Package: trig 2021/08/11 v1.11 sin cos tan (DPC)
)
(/usr/share/texmf-dist/tex/latex/graphics-cfg/graphics.cfg
File: graphics.cfg 2016/06/04 v1.11 sample graphics configuration
)
Package graphics Info: Driver file: pdftex.def on input line 107.
)
\Gin@req@height=\dimen179
\Gin@req@width=\dimen180
)
(/usr/share/texmf-dist/tex/latex/l3backend/l3backend-pdftex.def
File: l3backend-pdftex.def 2023-01-16 L3 backend support: PDF output (pdfTeX)
\l__color_backend_stack_int=\count296
\l__pdf_internal_box=\box100
)
(./Assignment 2 ().aux

LaTeX Warning: Label `fig:2B_Input2' multiply defined.

)
\openout1 = `"Assignment 2 ().aux"'.

LaTeX Font Info:    Checking defaults for OML/cmm/m/it on input line 61.
LaTeX Font Info:    ... okay on input line 61.
LaTeX Font Info:    Checking defaults for OMS/cmsy/m/n on input line 61.
LaTeX Font Info:    ... okay on input line 61.
LaTeX Font Info:    Checking defaults for OT1/cmr/m/n on input line 61.
LaTeX Font Info:    ... okay on input line 61.
LaTeX Font Info:    Checking defaults for T1/cmr/m/n on input line 61.
LaTeX Font Info:    ... okay on input line 61.
LaTeX Font Info:    Checking defaults for TS1/cmr/m/n on input line 61.
LaTeX Font Info:    ... okay on input line 61.
LaTeX Font Info:    Checking defaults for OMX/cmex/m/n on input line 61.
LaTeX Font Info:    ... okay on input line 61.
LaTeX Font Info:    Checking defaults for U/cmr/m/n on input line 61.
LaTeX Font Info:    ... okay on input line 61.

*geometry* driver: auto-detecting
*geometry* detected driver: pdftex
*geometry* verbose mode - [ preamble ] result:
* driver: pdftex
* paper: <default>
* layout: <same size as paper>
* layoutoffset:(h,v)=(0.0pt,0.0pt)
* modes: 
* h-part:(L,W,R)=(72.26999pt, 469.75502pt, 72.26999pt)
* v-part:(T,H,B)=(72.26999pt, 650.43001pt, 72.26999pt)
* \paperwidth=614.295pt
* \paperheight=794.96999pt
* \textwidth=469.75502pt
* \textheight=650.43001pt
* \oddsidemargin=0.0pt
* \evensidemargin=0.0pt
* \topmargin=-37.0pt
* \headheight=12.0pt
* \headsep=25.0pt
* \topskip=10.0pt
* \footskip=30.0pt
* \marginparwidth=65.0pt
* \marginparsep=11.0pt
* \columnsep=10.0pt
* \skip\footins=9.0pt plus 4.0pt minus 2.0pt
* \hoffset=0.0pt
* \voffset=0.0pt
* \mag=1000
* \@twocolumnfalse
* \@twosidefalse
* \@mparswitchfalse
* \@reversemarginfalse
* (1in=72.27pt=25.4mm, 1cm=28.453pt)

\c@lstlisting=\count297
(/usr/share/texmf-dist/tex/context/base/mkii/supp-pdf.mkii
[Loading MPS to PDF converter (version 2006.09.02).]
\scratchcounter=\count298
\scratchdimen=\dimen181
\scratchbox=\box101
\nofMPsegments=\count299
\nofMParguments=\count300
\everyMPshowfont=\toks24
\MPscratchCnt=\count301
\MPscratchDim=\dimen182
\MPnumerator=\count302
\makeMPintoPDFobject=\count303
\everyMPtoPDFconversion=\toks25
) (/usr/share/texmf-dist/tex/latex/epstopdf-pkg/epstopdf-base.sty
Package: epstopdf-base 2020-01-24 v2.11 Base part for package epstopdf
Package epstopdf-base Info: Redefining graphics rule for `.eps' on input line 4
85.

(/usr/share/texmf-dist/tex/latex/latexconfig/epstopdf-sys.cfg
File: epstopdf-sys.cfg 2010/07/13 v1.3 Configuration of (r)epstopdf for TeX Liv
e
))
Package caption Info: Begin \AtBeginDocument code.
Package caption Info: End \AtBeginDocument code.
 [1

{/var/lib/texmf/fonts/map/pdftex/updmap/pdftex.map}] [1{/usr/share/texmf-dist/f
onts/enc/dvips/cm-super/cm-super-ts1.enc}]
<./imgs//2AE1Orig.png, id=18, 214.401pt x 160.9212pt>
File: ./imgs//2AE1Orig.png Graphic file (type png)
<use ./imgs//2AE1Orig.png>
Package pdftex.def Info: ./imgs//2AE1Orig.png  used on input line 144.
(pdftex.def)             Requested size: 211.38832pt x 158.66669pt.
<./imgs//2AE2Orig.png, id=19, 161.403pt x 128.6406pt>
File: ./imgs//2AE2Orig.png Graphic file (type png)
<use ./imgs//2AE2Orig.png>
Package pdftex.def Info: ./imgs//2AE2Orig.png  used on input line 150.
(pdftex.def)             Requested size: 211.38832pt x 168.49095pt.
<./imgs//2AE1Corrupted.png, id=20, 161.403pt x 121.4136pt>
File: ./imgs//2AE1Corrupted.png Graphic file (type png)
<use ./imgs//2AE1Corrupted.png>
Package pdftex.def Info: ./imgs//2AE1Corrupted.png  used on input line 161.
(pdftex.def)             Requested size: 211.38832pt x 159.02518pt.
<./imgs//2AE2Corrupted.png, id=21, 161.403pt x 128.6406pt>
File: ./imgs//2AE2Corrupted.png Graphic file (type png)
<use ./imgs//2AE2Corrupted.png>
Package pdftex.def Info: ./imgs//2AE2Corrupted.png  used on input line 167.
(pdftex.def)             Requested size: 211.38832pt x 168.49095pt.
<./imgs//2AE1PSF.png, id=22, 97.8054pt x 97.8054pt>
File: ./imgs//2AE1PSF.png Graphic file (type png)
<use ./imgs//2AE1PSF.png>
Package pdftex.def Info: ./imgs//2AE1PSF.png  used on input line 182.
(pdftex.def)             Requested size: 187.89914pt x 187.91403pt.
<./imgs//2AE2PSF.png, id=23, 97.3236pt x 97.8054pt>
File: ./imgs//2AE2PSF.png Graphic file (type png)
<use ./imgs//2AE2PSF.png>
Package pdftex.def Info: ./imgs//2AE2PSF.png  used on input line 188.
(pdftex.def)             Requested size: 187.89914pt x 188.84976pt.
<./imgs//2AE1K0.01.png, id=24, 213.9192pt x 160.9212pt>
File: ./imgs//2AE1K0.01.png Graphic file (type png)
<use ./imgs//2AE1K0.01.png>
Package pdftex.def Info: ./imgs//2AE1K0.01.png  used on input line 200.
(pdftex.def)             Requested size: 187.89914pt x 141.35573pt.
<./imgs//2AE2K0.01.png, id=25, 213.9192pt x 170.5572pt>
File: ./imgs//2AE2K0.01.png Graphic file (type png)
<use ./imgs//2AE2K0.01.png>
Package pdftex.def Info: ./imgs//2AE2K0.01.png  used on input line 206.
(pdftex.def)             Requested size: 187.89914pt x 149.82013pt.
<./imgs//2AE1K0.001.png, id=26, 161.403pt x 121.4136pt>
File: ./imgs//2AE1K0.001.png Graphic file (type png)
<use ./imgs//2AE1K0.001.png>
Package pdftex.def Info: ./imgs//2AE1K0.001.png  used on input line 218.
(pdftex.def)             Requested size: 187.89914pt x 141.35489pt.
 [2 <./imgs//2AE1Orig.png (PNG copy)> <./imgs//2AE2Orig.png (PNG copy)> <./imgs
//2AE1Corrupted.png (PNG copy)> <./imgs//2AE2Corrupted.png (PNG copy)>]
<./imgs//2AE1Corrupted2.png, id=31, 161.403pt x 121.4136pt>
File: ./imgs//2AE1Corrupted2.png Graphic file (type png)
<use ./imgs//2AE1Corrupted2.png>
Package pdftex.def Info: ./imgs//2AE1Corrupted2.png  used on input line 239.
(pdftex.def)             Requested size: 211.38832pt x 159.02518pt.
<./imgs//2AE2Corrupted2.png, id=32, 161.403pt x 128.6406pt>
File: ./imgs//2AE2Corrupted2.png Graphic file (type png)
<use ./imgs//2AE2Corrupted2.png>
Package pdftex.def Info: ./imgs//2AE2Corrupted2.png  used on input line 245.
(pdftex.def)             Requested size: 211.38832pt x 168.49095pt.
<./imgs//2AE1K0.9.png, id=33, 172.9662pt x 130.086pt>
File: ./imgs//2AE1K0.9.png Graphic file (type png)
<use ./imgs//2AE1K0.9.png>
Package pdftex.def Info: ./imgs//2AE1K0.9.png  used on input line 258.
(pdftex.def)             Requested size: 211.38832pt x 158.99248pt.
<./imgs//2AE2K0.9.png, id=34, 161.403pt x 128.6406pt>
File: ./imgs//2AE2K0.9.png Graphic file (type png)
<use ./imgs//2AE2K0.9.png>
Package pdftex.def Info: ./imgs//2AE2K0.9.png  used on input line 264.
(pdftex.def)             Requested size: 211.38832pt x 168.49095pt.
<./imgs//2AE1K0.000001.png, id=35, 161.403pt x 121.4136pt>
File: ./imgs//2AE1K0.000001.png Graphic file (type png)
<use ./imgs//2AE1K0.000001.png>
Package pdftex.def Info: ./imgs//2AE1K0.000001.png  used on input line 280.
(pdftex.def)             Requested size: 211.38832pt x 159.02518pt.
<./imgs//2AE2K0.000001.png, id=36, 161.403pt x 128.6406pt>
File: ./imgs//2AE2K0.000001.png Graphic file (type png)
<use ./imgs//2AE2K0.000001.png>
Package pdftex.def Info: ./imgs//2AE2K0.000001.png  used on input line 286.
(pdftex.def)             Requested size: 211.38832pt x 168.49095pt.
 [3 <./imgs//2AE1PSF.png (PNG copy)> <./imgs//2AE2PSF.png (PNG copy)> <./imgs//
2AE1K0.01.png (PNG copy)> <./imgs//2AE2K0.01.png (PNG copy)>]
<./imgs//2AE1NoBlur.png, id=40, 161.403pt x 121.4136pt>
File: ./imgs//2AE1NoBlur.png Graphic file (type png)
<use ./imgs//2AE1NoBlur.png>
Package pdftex.def Info: ./imgs//2AE1NoBlur.png  used on input line 302.
(pdftex.def)             Requested size: 211.38832pt x 159.02518pt.
<./imgs//2AE2NoBlur.png, id=41, 161.403pt x 128.6406pt>
File: ./imgs//2AE2NoBlur.png Graphic file (type png)
<use ./imgs//2AE2NoBlur.png>
Package pdftex.def Info: ./imgs//2AE2NoBlur.png  used on input line 308.
(pdftex.def)             Requested size: 211.38832pt x 168.49095pt.
<./imgs//2AE1Corrupted_laplacian.png, id=42, 161.403pt x 121.4136pt>
File: ./imgs//2AE1Corrupted_laplacian.png Graphic file (type png)
<use ./imgs//2AE1Corrupted_laplacian.png>
Package pdftex.def Info: ./imgs//2AE1Corrupted_laplacian.png  used on input lin
e 323.
(pdftex.def)             Requested size: 211.38832pt x 159.02518pt.
<./imgs//2AE2Corrupted_sobel.png, id=43, 161.403pt x 128.6406pt>
File: ./imgs//2AE2Corrupted_sobel.png Graphic file (type png)
<use ./imgs//2AE2Corrupted_sobel.png>
Package pdftex.def Info: ./imgs//2AE2Corrupted_sobel.png  used on input line 32
9.
(pdftex.def)             Requested size: 211.38832pt x 168.49095pt.
<./imgs//2AE1PSF_laplacian.png, id=44, 69.3792pt x 73.7154pt>
File: ./imgs//2AE1PSF_laplacian.png Graphic file (type png)
<use ./imgs//2AE1PSF_laplacian.png>
Package pdftex.def Info: ./imgs//2AE1PSF_laplacian.png  used on input line 339.

(pdftex.def)             Requested size: 211.38832pt x 224.61223pt.
<./imgs//2AE2PSF_sobel.png, id=45, 69.3792pt x 73.7154pt>
File: ./imgs//2AE2PSF_sobel.png Graphic file (type png)
<use ./imgs//2AE2PSF_sobel.png>
Package pdftex.def Info: ./imgs//2AE2PSF_sobel.png  used on input line 345.
(pdftex.def)             Requested size: 211.38832pt x 224.61223pt.
<./imgs//2AE1K0.01_laplacian.png, id=46, 161.403pt x 121.4136pt>
File: ./imgs//2AE1K0.01_laplacian.png Graphic file (type png)
<use ./imgs//2AE1K0.01_laplacian.png>
Package pdftex.def Info: ./imgs//2AE1K0.01_laplacian.png  used on input line 35
5.
(pdftex.def)             Requested size: 211.38832pt x 159.02518pt.
<./imgs//2AE2K0.01_sobel.png, id=47, 161.403pt x 128.6406pt>
File: ./imgs//2AE2K0.01_sobel.png Graphic file (type png)
<use ./imgs//2AE2K0.01_sobel.png>
Package pdftex.def Info: ./imgs//2AE2K0.01_sobel.png  used on input line 361.
(pdftex.def)             Requested size: 211.38832pt x 168.49095pt.
 [4 <./imgs//2AE1K0.001.png (PNG copy)> <./imgs//2AE1Corrupted2.png (PNG copy)>
 <./imgs//2AE2Corrupted2.png (PNG copy)>]
<./imgs//2AE3_Blurred.png, id=51, 227.4096pt x 164.7756pt>
File: ./imgs//2AE3_Blurred.png Graphic file (type png)
<use ./imgs//2AE3_Blurred.png>
Package pdftex.def Info: ./imgs//2AE3_Blurred.png  used on input line 395.
(pdftex.def)             Requested size: 211.38832pt x 153.1668pt.
<./imgs//2AE3_PSF.png, id=52, 100.2144pt x 100.2144pt>
File: ./imgs//2AE3_PSF.png Graphic file (type png)
<use ./imgs//2AE3_PSF.png>
Package pdftex.def Info: ./imgs//2AE3_PSF.png  used on input line 401.
(pdftex.def)             Requested size: 211.38832pt x 211.4106pt.
<./imgs//2AE3_D01.png, id=53, 227.8914pt x 165.2574pt>
File: ./imgs//2AE3_D01.png Graphic file (type png)
<use ./imgs//2AE3_D01.png>
Package pdftex.def Info: ./imgs//2AE3_D01.png  used on input line 412.
(pdftex.def)             Requested size: 211.38832pt x 153.28935pt.
<./imgs//2AE3_D001.png, id=54, 227.8914pt x 165.2574pt>
File: ./imgs//2AE3_D001.png Graphic file (type png)
<use ./imgs//2AE3_D001.png>
Package pdftex.def Info: ./imgs//2AE3_D001.png  used on input line 418.
(pdftex.def)             Requested size: 211.38832pt x 153.28935pt.
<./imgs//2AE3_D003.png, id=55, 227.8914pt x 165.2574pt>
File: ./imgs//2AE3_D003.png Graphic file (type png)
<use ./imgs//2AE3_D003.png>
Package pdftex.def Info: ./imgs//2AE3_D003.png  used on input line 429.
(pdftex.def)             Requested size: 211.38832pt x 153.28935pt.
<./imgs//2AE3_D005.png, id=56, 227.8914pt x 165.2574pt>
File: ./imgs//2AE3_D005.png Graphic file (type png)
<use ./imgs//2AE3_D005.png>
Package pdftex.def Info: ./imgs//2AE3_D005.png  used on input line 435.
(pdftex.def)             Requested size: 211.38832pt x 153.28935pt.
 [5 <./imgs//2AE1K0.9.png (PNG copy)> <./imgs//2AE2K0.9.png (PNG copy)> <./imgs
//2AE1K0.000001.png (PNG copy)> <./imgs//2AE2K0.000001.png (PNG copy)>] [6 <./i
mgs//2AE1NoBlur.png (PNG copy)> <./imgs//2AE2NoBlur.png (PNG copy)> <./imgs//2A
E1Corrupted_laplacian.png (PNG copy)> <./imgs//2AE2Corrupted_sobel.png (PNG cop
y)>] [7 <./imgs//2AE1PSF_laplacian.png (PNG copy)> <./imgs//2AE2PSF_sobel.png (
PNG copy)> <./imgs//2AE1K0.01_laplacian.png (PNG copy)> <./imgs//2AE2K0.01_sobe
l.png (PNG copy)>] [8 <./imgs//2AE3_Blurred.png (PNG copy)> <./imgs//2AE3_PSF.p
ng (PNG copy)> <./imgs//2AE3_D01.png (PNG copy)> <./imgs//2AE3_D001.png (PNG co
py)> <./imgs//2AE3_D003.png (PNG copy)> <./imgs//2AE3_D005.png (PNG copy)>] [9

]
<./imgs//2B_Input.png, id=73, 245.2362pt x 137.313pt>
File: ./imgs//2B_Input.png Graphic file (type png)
<use ./imgs//2B_Input.png>
Package pdftex.def Info: ./imgs//2B_Input.png  used on input line 507.
(pdftex.def)             Requested size: 211.38832pt x 118.36134pt.
<./imgs//2B_Input2.png, id=74, 240.9pt x 126.7134pt>
File: ./imgs//2B_Input2.png Graphic file (type png)
<use ./imgs//2B_Input2.png>
Package pdftex.def Info: ./imgs//2B_Input2.png  used on input line 513.
(pdftex.def)             Requested size: 211.38832pt x 111.19296pt.
<./imgs//2B_Decom1.png, id=75, 245.2362pt x 137.313pt>
File: ./imgs//2B_Decom1.png Graphic file (type png)
<use ./imgs//2B_Decom1.png>
Package pdftex.def Info: ./imgs//2B_Decom1.png  used on input line 523.
(pdftex.def)             Requested size: 211.38832pt x 118.36134pt.
<./imgs//2B_Decom2.png, id=76, 240.9pt x 126.7134pt>
File: ./imgs//2B_Decom2.png Graphic file (type png)
<use ./imgs//2B_Decom2.png>
Package pdftex.def Info: ./imgs//2B_Decom2.png  used on input line 529.
(pdftex.def)             Requested size: 211.38832pt x 111.19296pt.
<./imgs//2B_Diff1.png, id=77, 244.7544pt x 138.2766pt>
File: ./imgs//2B_Diff1.png Graphic file (type png)
<use ./imgs//2B_Diff1.png>
Package pdftex.def Info: ./imgs//2B_Diff1.png  used on input line 540.
(pdftex.def)             Requested size: 211.38832pt x 119.42615pt.
<./imgs//2B_Diff2.png, id=78, 237.5274pt x 128.1588pt>
File: ./imgs//2B_Diff2.png Graphic file (type png)
<use ./imgs//2B_Diff2.png>
Package pdftex.def Info: ./imgs//2B_Diff2.png  used on input line 546.
(pdftex.def)             Requested size: 211.38832pt x 114.059pt.
<./imgs//2B_Input1Orig.png, id=79, 253.4268pt x 270.7716pt>
File: ./imgs//2B_Input1Orig.png Graphic file (type png)
<use ./imgs//2B_Input1Orig.png>
Package pdftex.def Info: ./imgs//2B_Input1Orig.png  used on input line 564.
(pdftex.def)             Requested size: 211.38832pt x 225.85591pt.
<./imgs//2B_Input1Ref.png, id=80, 253.4268pt x 265.9536pt>
File: ./imgs//2B_Input1Ref.png Graphic file (type png)
<use ./imgs//2B_Input1Ref.png>
Package pdftex.def Info: ./imgs//2B_Input1Ref.png  used on input line 574.
(pdftex.def)             Requested size: 211.38832pt x 221.83711pt.
<./imgs//2B_Input1TD.png, id=81, 253.4268pt x 270.7716pt>
File: ./imgs//2B_Input1TD.png Graphic file (type png)
<use ./imgs//2B_Input1TD.png>
Package pdftex.def Info: ./imgs//2B_Input1TD.png  used on input line 592.
(pdftex.def)             Requested size: 211.38832pt x 225.85591pt.
<./imgs//2B_Input1Reconstructed.png, id=82, 253.4268pt x 265.9536pt>
File: ./imgs//2B_Input1Reconstructed.png Graphic file (type png)
<use ./imgs//2B_Input1Reconstructed.png>
Package pdftex.def Info: ./imgs//2B_Input1Reconstructed.png  used on input line
 602.
(pdftex.def)             Requested size: 211.38832pt x 221.83711pt.
<./imgs//2B_Input2TD.png, id=83, 253.4268pt x 265.9536pt>
File: ./imgs//2B_Input2TD.png Graphic file (type png)
<use ./imgs//2B_Input2TD.png>
Package pdftex.def Info: ./imgs//2B_Input2TD.png  used on input line 619.
(pdftex.def)             Requested size: 211.38832pt x 221.83711pt.
<./imgs//2B_Input2Reconstructed.png, id=84, 253.4268pt x 265.9536pt>
File: ./imgs//2B_Input2Reconstructed.png Graphic file (type png)
<use ./imgs//2B_Input2Reconstructed.png>
Package pdftex.def Info: ./imgs//2B_Input2Reconstructed.png  used on input line
 629.
(pdftex.def)             Requested size: 211.38832pt x 221.83711pt.
<./imgs//2B_Input3TD.png, id=85, 253.4268pt x 265.9536pt>
File: ./imgs//2B_Input3TD.png Graphic file (type png)
<use ./imgs//2B_Input3TD.png>
Package pdftex.def Info: ./imgs//2B_Input3TD.png  used on input line 646.
(pdftex.def)             Requested size: 211.38832pt x 221.83711pt.
<./imgs//2B_Input3Reconstructed.png, id=86, 253.4268pt x 265.9536pt>
File: ./imgs//2B_Input3Reconstructed.png Graphic file (type png)
<use ./imgs//2B_Input3Reconstructed.png>
Package pdftex.def Info: ./imgs//2B_Input3Reconstructed.png  used on input line
 656.
(pdftex.def)             Requested size: 211.38832pt x 221.83711pt.
<./imgs//2B_Input4TD.png, id=87, 253.4268pt x 265.9536pt>
File: ./imgs//2B_Input4TD.png Graphic file (type png)
<use ./imgs//2B_Input4TD.png>
Package pdftex.def Info: ./imgs//2B_Input4TD.png  used on input line 675.
(pdftex.def)             Requested size: 211.38832pt x 221.83711pt.
<./imgs//2B_Input4Reconstructed.png, id=88, 253.4268pt x 265.9536pt>
File: ./imgs//2B_Input4Reconstructed.png Graphic file (type png)
<use ./imgs//2B_Input4Reconstructed.png>
Package pdftex.def Info: ./imgs//2B_Input4Reconstructed.png  used on input line
 685.
(pdftex.def)             Requested size: 211.38832pt x 221.83711pt.
<./imgs//2B_Input5TD.png, id=89, 253.4268pt x 270.7716pt>
File: ./imgs//2B_Input5TD.png Graphic file (type png)
<use ./imgs//2B_Input5TD.png>
Package pdftex.def Info: ./imgs//2B_Input5TD.png  used on input line 703.
(pdftex.def)             Requested size: 211.38832pt x 225.85591pt.
<./imgs//2B_Input5Reconstructed.png, id=90, 253.4268pt x 270.7716pt>
File: ./imgs//2B_Input5Reconstructed.png Graphic file (type png)
<use ./imgs//2B_Input5Reconstructed.png>
Package pdftex.def Info: ./imgs//2B_Input5Reconstructed.png  used on input line
 713.
(pdftex.def)             Requested size: 211.38832pt x 225.85591pt.
<./imgs//2B_Input4Orig2.png, id=91, 253.4268pt x 270.7716pt>
File: ./imgs//2B_Input4Orig2.png Graphic file (type png)
<use ./imgs//2B_Input4Orig2.png>
Package pdftex.def Info: ./imgs//2B_Input4Orig2.png  used on input line 730.
(pdftex.def)             Requested size: 211.38832pt x 225.85591pt.
<./imgs//2B_Input4Ref2.png, id=92, 253.4268pt x 265.9536pt>
File: ./imgs//2B_Input4Ref2.png Graphic file (type png)
<use ./imgs//2B_Input4Ref2.png>
Package pdftex.def Info: ./imgs//2B_Input4Ref2.png  used on input line 740.
(pdftex.def)             Requested size: 211.38832pt x 221.83711pt.
<./imgs//2B_Input4TD2.png, id=93, 253.4268pt x 265.9536pt>
File: ./imgs//2B_Input4TD2.png Graphic file (type png)
<use ./imgs//2B_Input4TD2.png>
Package pdftex.def Info: ./imgs//2B_Input4TD2.png  used on input line 751.
(pdftex.def)             Requested size: 211.38832pt x 221.83711pt.
<./imgs//2B_Input4Reconstructed2.png, id=94, 253.4268pt x 265.9536pt>
File: ./imgs//2B_Input4Reconstructed2.png Graphic file (type png)
<use ./imgs//2B_Input4Reconstructed2.png>
Package pdftex.def Info: ./imgs//2B_Input4Reconstructed2.png  used on input lin
e 761.
(pdftex.def)             Requested size: 211.38832pt x 221.83711pt.
<./imgs//2B_Tolerance5Input.png, id=95, 253.4268pt x 270.7716pt>
File: ./imgs//2B_Tolerance5Input.png Graphic file (type png)
<use ./imgs//2B_Tolerance5Input.png>
Package pdftex.def Info: ./imgs//2B_Tolerance5Input.png  used on input line 779
.
(pdftex.def)             Requested size: 211.38832pt x 225.85591pt.
<./imgs//2B_Tolerance5TD.png, id=96, 253.4268pt x 265.9536pt>
File: ./imgs//2B_Tolerance5TD.png Graphic file (type png)
<use ./imgs//2B_Tolerance5TD.png>
Package pdftex.def Info: ./imgs//2B_Tolerance5TD.png  used on input line 789.
(pdftex.def)             Requested size: 211.38832pt x 221.83711pt.
<./imgs//2B_Tolerance5Reconstructed.png, id=97, 253.4268pt x 270.7716pt>
File: ./imgs//2B_Tolerance5Reconstructed.png Graphic file (type png)
<use ./imgs//2B_Tolerance5Reconstructed.png>
Package pdftex.def Info: ./imgs//2B_Tolerance5Reconstructed.png  used on input 
line 799.
(pdftex.def)             Requested size: 211.38832pt x 225.85591pt.
<./imgs//2B_Tolerance50Input.png, id=98, 253.4268pt x 270.7716pt>
File: ./imgs//2B_Tolerance50Input.png Graphic file (type png)
<use ./imgs//2B_Tolerance50Input.png>
Package pdftex.def Info: ./imgs//2B_Tolerance50Input.png  used on input line 81
7.
(pdftex.def)             Requested size: 211.38832pt x 225.85591pt.
<./imgs//2B_Tolerance50TD.png, id=99, 253.4268pt x 270.7716pt>
File: ./imgs//2B_Tolerance50TD.png Graphic file (type png)
<use ./imgs//2B_Tolerance50TD.png>
Package pdftex.def Info: ./imgs//2B_Tolerance50TD.png  used on input line 827.
(pdftex.def)             Requested size: 211.38832pt x 225.85591pt.
<./imgs//2B_Tolerance50Reconstructed.png, id=100, 253.4268pt x 270.7716pt>
File: ./imgs//2B_Tolerance50Reconstructed.png Graphic file (type png)
<use ./imgs//2B_Tolerance50Reconstructed.png>
Package pdftex.def Info: ./imgs//2B_Tolerance50Reconstructed.png  used on input
 line 837.
(pdftex.def)             Requested size: 211.38832pt x 225.85591pt.
 [10 <./imgs//2B_Input.png (PNG copy)> <./imgs//2B_Input2.png (PNG copy)>] [11 
<./imgs//2B_Decom1.png (PNG copy)> <./imgs//2B_Decom2.png (PNG copy)> <./imgs//
2B_Diff1.png (PNG copy)> <./imgs//2B_Diff2.png (PNG copy)>] [12 <./imgs//2B_Inp
ut1Orig.png (PNG copy)> <./imgs//2B_Input1Ref.png (PNG copy)> <./imgs//2B_Input
1TD.png (PNG copy)> <./imgs//2B_Input1Reconstructed.png (PNG copy)>] [13 <./img
s//2B_Input2TD.png (PNG copy)> <./imgs//2B_Input2Reconstructed.png (PNG copy)> 
<./imgs//2B_Input3TD.png (PNG copy)> <./imgs//2B_Input3Reconstructed.png (PNG c
opy)>] [14 <./imgs//2B_Input4TD.png (PNG copy)> <./imgs//2B_Input4Reconstructed
.png (PNG copy)> <./imgs//2B_Input5TD.png (PNG copy)> <./imgs//2B_Input5Reconst
ructed.png (PNG copy)>] [15 <./imgs//2B_Input4Orig2.png (PNG copy)> <./imgs//2B
_Input4Ref2.png (PNG copy)> <./imgs//2B_Input4TD2.png (PNG copy)> <./imgs//2B_I
nput4Reconstructed2.png (PNG copy)>] [16 <./imgs//2B_Tolerance5Input.png (PNG c
opy)> <./imgs//2B_Tolerance5TD.png (PNG copy)> <./imgs//2B_Tolerance5Reconstruc
ted.png (PNG copy)>] [17 <./imgs//2B_Tolerance50Input.png (PNG copy)> <./imgs//
2B_Tolerance50TD.png (PNG copy)> <./imgs//2B_Tolerance50Reconstructed.png (PNG 
copy)>] [18

] [19]
<./imgs//2CGraph.png, id=136, 803.0pt x 803.0pt>
File: ./imgs//2CGraph.png Graphic file (type png)
<use ./imgs//2CGraph.png>
Package pdftex.def Info: ./imgs//2CGraph.png  used on input line 1014.
(pdftex.def)             Requested size: 234.8775pt x 234.87349pt.
 [20 <./imgs//2CGraph.png>] (./Assignment 2 ().aux)

LaTeX Warning: There were multiply-defined labels.

 ) 
Here is how much of TeX's memory you used:
 6823 strings out of 476025
 116145 string characters out of 5796532
 1872388 words of memory out of 5000000
 27239 multiletter control sequences out of 15000+600000
 515667 words of font info for 44 fonts, out of 8000000 for 9000
 1141 hyphenation exceptions out of 8191
 67i,15n,77p,508b,502s stack positions out of 10000i,1000n,20000p,200000b,200000s
</usr/share/texmf-dist/fonts/type1/public/amsfonts/cm/cmbx10.pfb></usr/share/
texmf-dist/fonts/type1/public/amsfonts/cm/cmbx12.pfb></usr/share/texmf-dist/fon
ts/type1/public/amsfonts/cm/cmex10.pfb></usr/share/texmf-dist/fonts/type1/publi
c/amsfonts/cm/cmmi10.pfb></usr/share/texmf-dist/fonts/type1/public/amsfonts/cm/
cmmi7.pfb></usr/share/texmf-dist/fonts/type1/public/amsfonts/cm/cmr10.pfb></usr
/share/texmf-dist/fonts/type1/public/amsfonts/cm/cmr12.pfb></usr/share/texmf-di
st/fonts/type1/public/amsfonts/cm/cmr7.pfb></usr/share/texmf-dist/fonts/type1/p
ublic/amsfonts/cm/cmr9.pfb></usr/share/texmf-dist/fonts/type1/public/amsfonts/c
m/cmsy10.pfb></usr/share/texmf-dist/fonts/type1/public/amsfonts/cm/cmsy7.pfb></
usr/share/texmf-dist/fonts/type1/public/amsfonts/cm/cmtt10.pfb></usr/share/texm
f-dist/fonts/type1/public/cm-super/sfrm1000.pfb>
Output written on "Assignment 2 ().pdf" (21 pages, 4837562 bytes).
PDF statistics:
 198 PDF objects out of 1000 (max. 8388607)
 89 compressed objects within 1 object stream
 0 named destinations out of 1000 (max. 500000)
 291 words of extra memory for PDF output out of 10000 (max. 10000000)

